<?xml version="1.0" encoding="UTF-8"?>
<testng-results skipped="0" failed="0" ignored="0" total="20" passed="20">
  <reporter-output>
  </reporter-output>
  <suite name="book-flight-module" duration-ms="106939" started-at="2022-01-08T08:32:00 GMT" finished-at="2022-01-08T08:33:47 GMT">
    <groups>
    </groups>
    <test name="book-flight-1" duration-ms="30798" started-at="2022-01-08T08:32:00 GMT" finished-at="2022-01-08T08:32:31 GMT">
      <class name="com.newtours.tests.BookFlightTest">
        <test-method status="PASS" signature="setupDriver(org.testng.ITestContext)[pri:0, instance:com.newtours.tests.BookFlightTest@520a3426]" name="setupDriver" is-config="true" duration-ms="5767" started-at="2022-01-08T08:32:00 GMT" finished-at="2022-01-08T08:32:06 GMT">
          <params>
            <param index="0">
              <value>
                <![CDATA[org.testng.TestRunner@5d5b5fa7]]>
              </value>
            </param>
          </params>
          <reporter-output>
          </reporter-output>
        </test-method> <!-- setupDriver -->
        <test-method status="PASS" signature="setupParameters(java.lang.String,java.lang.String)[pri:0, instance:com.newtours.tests.BookFlightTest@520a3426]" name="setupParameters" is-config="true" duration-ms="1" started-at="2022-01-08T08:32:06 GMT" depends-on-methods="com.tests.BaseTest.setupDriver" finished-at="2022-01-08T08:32:06 GMT">
          <params>
            <param index="0">
              <value>
                <![CDATA[1]]>
              </value>
            </param>
            <param index="1">
              <value>
                <![CDATA[$584 USD]]>
              </value>
            </param>
          </params>
          <reporter-output>
          </reporter-output>
        </test-method> <!-- setupParameters -->
        <test-method status="PASS" signature="registrationPage()[pri:0, instance:com.newtours.tests.BookFlightTest@520a3426]" name="registrationPage" duration-ms="16432" started-at="2022-01-08T08:32:06 GMT" finished-at="2022-01-08T08:32:22 GMT">
          <reporter-output>
          </reporter-output>
        </test-method> <!-- registrationPage -->
        <test-method status="PASS" signature="registrationConfirmationPage()[pri:0, instance:com.newtours.tests.BookFlightTest@520a3426]" name="registrationConfirmationPage" duration-ms="849" started-at="2022-01-08T08:32:22 GMT" depends-on-methods="com.newtours.tests.BookFlightTest.registrationPage" finished-at="2022-01-08T08:32:23 GMT">
          <reporter-output>
          </reporter-output>
        </test-method> <!-- registrationConfirmationPage -->
        <test-method status="PASS" signature="flightDetailsPage()[pri:0, instance:com.newtours.tests.BookFlightTest@520a3426]" name="flightDetailsPage" duration-ms="2874" started-at="2022-01-08T08:32:23 GMT" depends-on-methods="com.newtours.tests.BookFlightTest.registrationConfirmationPage" finished-at="2022-01-08T08:32:26 GMT">
          <reporter-output>
          </reporter-output>
        </test-method> <!-- flightDetailsPage -->
        <test-method status="PASS" signature="findFlightPage()[pri:0, instance:com.newtours.tests.BookFlightTest@520a3426]" name="findFlightPage" duration-ms="2248" started-at="2022-01-08T08:32:26 GMT" depends-on-methods="com.newtours.tests.BookFlightTest.flightDetailsPage" finished-at="2022-01-08T08:32:28 GMT">
          <reporter-output>
          </reporter-output>
        </test-method> <!-- findFlightPage -->
        <test-method status="PASS" signature="flightConfirmationPage()[pri:0, instance:com.newtours.tests.BookFlightTest@520a3426]" name="flightConfirmationPage" duration-ms="1818" started-at="2022-01-08T08:32:28 GMT" depends-on-methods="com.newtours.tests.BookFlightTest.findFlightPage" finished-at="2022-01-08T08:32:30 GMT">
          <reporter-output>
          </reporter-output>
        </test-method> <!-- flightConfirmationPage -->
        <test-method status="PASS" signature="quitDriver()[pri:0, instance:com.newtours.tests.BookFlightTest@520a3426]" name="quitDriver" is-config="true" duration-ms="649" started-at="2022-01-08T08:32:30 GMT" finished-at="2022-01-08T08:32:31 GMT">
          <reporter-output>
          </reporter-output>
        </test-method> <!-- quitDriver -->
      </class> <!-- com.newtours.tests.BookFlightTest -->
    </test> <!-- book-flight-1 -->
    <test name="book-flight-2" duration-ms="25024" started-at="2022-01-08T08:32:31 GMT" finished-at="2022-01-08T08:32:56 GMT">
      <class name="com.newtours.tests.BookFlightTest">
        <test-method status="PASS" signature="setupDriver(org.testng.ITestContext)[pri:0, instance:com.newtours.tests.BookFlightTest@49fc609f]" name="setupDriver" is-config="true" duration-ms="4283" started-at="2022-01-08T08:32:31 GMT" finished-at="2022-01-08T08:32:35 GMT">
          <params>
            <param index="0">
              <value>
                <![CDATA[org.testng.TestRunner@2a32fb6]]>
              </value>
            </param>
          </params>
          <reporter-output>
          </reporter-output>
        </test-method> <!-- setupDriver -->
        <test-method status="PASS" signature="setupParameters(java.lang.String,java.lang.String)[pri:0, instance:com.newtours.tests.BookFlightTest@49fc609f]" name="setupParameters" is-config="true" duration-ms="9" started-at="2022-01-08T08:32:35 GMT" depends-on-methods="com.tests.BaseTest.setupDriver" finished-at="2022-01-08T08:32:35 GMT">
          <params>
            <param index="0">
              <value>
                <![CDATA[2]]>
              </value>
            </param>
            <param index="1">
              <value>
                <![CDATA[$1169 USD]]>
              </value>
            </param>
          </params>
          <reporter-output>
          </reporter-output>
        </test-method> <!-- setupParameters -->
        <test-method status="PASS" signature="registrationPage()[pri:0, instance:com.newtours.tests.BookFlightTest@49fc609f]" name="registrationPage" duration-ms="13237" started-at="2022-01-08T08:32:35 GMT" finished-at="2022-01-08T08:32:49 GMT">
          <reporter-output>
          </reporter-output>
        </test-method> <!-- registrationPage -->
        <test-method status="PASS" signature="registrationConfirmationPage()[pri:0, instance:com.newtours.tests.BookFlightTest@49fc609f]" name="registrationConfirmationPage" duration-ms="804" started-at="2022-01-08T08:32:49 GMT" depends-on-methods="com.newtours.tests.BookFlightTest.registrationPage" finished-at="2022-01-08T08:32:49 GMT">
          <reporter-output>
          </reporter-output>
        </test-method> <!-- registrationConfirmationPage -->
        <test-method status="PASS" signature="flightDetailsPage()[pri:0, instance:com.newtours.tests.BookFlightTest@49fc609f]" name="flightDetailsPage" duration-ms="2431" started-at="2022-01-08T08:32:49 GMT" depends-on-methods="com.newtours.tests.BookFlightTest.registrationConfirmationPage" finished-at="2022-01-08T08:32:52 GMT">
          <reporter-output>
          </reporter-output>
        </test-method> <!-- flightDetailsPage -->
        <test-method status="PASS" signature="findFlightPage()[pri:0, instance:com.newtours.tests.BookFlightTest@49fc609f]" name="findFlightPage" duration-ms="1761" started-at="2022-01-08T08:32:52 GMT" depends-on-methods="com.newtours.tests.BookFlightTest.flightDetailsPage" finished-at="2022-01-08T08:32:54 GMT">
          <reporter-output>
          </reporter-output>
        </test-method> <!-- findFlightPage -->
        <test-method status="PASS" signature="flightConfirmationPage()[pri:0, instance:com.newtours.tests.BookFlightTest@49fc609f]" name="flightConfirmationPage" duration-ms="1676" started-at="2022-01-08T08:32:54 GMT" depends-on-methods="com.newtours.tests.BookFlightTest.findFlightPage" finished-at="2022-01-08T08:32:55 GMT">
          <reporter-output>
          </reporter-output>
        </test-method> <!-- flightConfirmationPage -->
        <test-method status="PASS" signature="quitDriver()[pri:0, instance:com.newtours.tests.BookFlightTest@49fc609f]" name="quitDriver" is-config="true" duration-ms="812" started-at="2022-01-08T08:32:55 GMT" finished-at="2022-01-08T08:32:56 GMT">
          <reporter-output>
          </reporter-output>
        </test-method> <!-- quitDriver -->
      </class> <!-- com.newtours.tests.BookFlightTest -->
    </test> <!-- book-flight-2 -->
    <test name="book-flight-3" duration-ms="22240" started-at="2022-01-08T08:32:56 GMT" finished-at="2022-01-08T08:33:18 GMT">
      <class name="com.newtours.tests.BookFlightTest">
        <test-method status="PASS" signature="setupDriver(org.testng.ITestContext)[pri:0, instance:com.newtours.tests.BookFlightTest@57855c9a]" name="setupDriver" is-config="true" duration-ms="4812" started-at="2022-01-08T08:32:56 GMT" finished-at="2022-01-08T08:33:01 GMT">
          <params>
            <param index="0">
              <value>
                <![CDATA[org.testng.TestRunner@6107165]]>
              </value>
            </param>
          </params>
          <reporter-output>
          </reporter-output>
        </test-method> <!-- setupDriver -->
        <test-method status="PASS" signature="setupParameters(java.lang.String,java.lang.String)[pri:0, instance:com.newtours.tests.BookFlightTest@57855c9a]" name="setupParameters" is-config="true" duration-ms="1" started-at="2022-01-08T08:33:01 GMT" depends-on-methods="com.tests.BaseTest.setupDriver" finished-at="2022-01-08T08:33:01 GMT">
          <params>
            <param index="0">
              <value>
                <![CDATA[3]]>
              </value>
            </param>
            <param index="1">
              <value>
                <![CDATA[$1753 USD]]>
              </value>
            </param>
          </params>
          <reporter-output>
          </reporter-output>
        </test-method> <!-- setupParameters -->
        <test-method status="PASS" signature="registrationPage()[pri:0, instance:com.newtours.tests.BookFlightTest@57855c9a]" name="registrationPage" duration-ms="10599" started-at="2022-01-08T08:33:01 GMT" finished-at="2022-01-08T08:33:12 GMT">
          <reporter-output>
          </reporter-output>
        </test-method> <!-- registrationPage -->
        <test-method status="PASS" signature="registrationConfirmationPage()[pri:0, instance:com.newtours.tests.BookFlightTest@57855c9a]" name="registrationConfirmationPage" duration-ms="690" started-at="2022-01-08T08:33:12 GMT" depends-on-methods="com.newtours.tests.BookFlightTest.registrationPage" finished-at="2022-01-08T08:33:12 GMT">
          <reporter-output>
          </reporter-output>
        </test-method> <!-- registrationConfirmationPage -->
        <test-method status="PASS" signature="flightDetailsPage()[pri:0, instance:com.newtours.tests.BookFlightTest@57855c9a]" name="flightDetailsPage" duration-ms="2854" started-at="2022-01-08T08:33:12 GMT" depends-on-methods="com.newtours.tests.BookFlightTest.registrationConfirmationPage" finished-at="2022-01-08T08:33:15 GMT">
          <reporter-output>
          </reporter-output>
        </test-method> <!-- flightDetailsPage -->
        <test-method status="PASS" signature="findFlightPage()[pri:0, instance:com.newtours.tests.BookFlightTest@57855c9a]" name="findFlightPage" duration-ms="1716" started-at="2022-01-08T08:33:15 GMT" depends-on-methods="com.newtours.tests.BookFlightTest.flightDetailsPage" finished-at="2022-01-08T08:33:17 GMT">
          <reporter-output>
          </reporter-output>
        </test-method> <!-- findFlightPage -->
        <test-method status="PASS" signature="flightConfirmationPage()[pri:0, instance:com.newtours.tests.BookFlightTest@57855c9a]" name="flightConfirmationPage" duration-ms="1236" started-at="2022-01-08T08:33:17 GMT" depends-on-methods="com.newtours.tests.BookFlightTest.findFlightPage" finished-at="2022-01-08T08:33:18 GMT">
          <reporter-output>
          </reporter-output>
        </test-method> <!-- flightConfirmationPage -->
        <test-method status="PASS" signature="quitDriver()[pri:0, instance:com.newtours.tests.BookFlightTest@57855c9a]" name="quitDriver" is-config="true" duration-ms="316" started-at="2022-01-08T08:33:18 GMT" finished-at="2022-01-08T08:33:18 GMT">
          <reporter-output>
          </reporter-output>
        </test-method> <!-- quitDriver -->
      </class> <!-- com.newtours.tests.BookFlightTest -->
    </test> <!-- book-flight-3 -->
    <test name="book-flight-4" duration-ms="28113" started-at="2022-01-08T08:33:19 GMT" finished-at="2022-01-08T08:33:47 GMT">
      <class name="com.newtours.tests.BookFlightTest">
        <test-method status="PASS" signature="setupDriver(org.testng.ITestContext)[pri:0, instance:com.newtours.tests.BookFlightTest@a7e666]" name="setupDriver" is-config="true" duration-ms="6939" started-at="2022-01-08T08:33:19 GMT" finished-at="2022-01-08T08:33:26 GMT">
          <params>
            <param index="0">
              <value>
                <![CDATA[org.testng.TestRunner@164a62bf]]>
              </value>
            </param>
          </params>
          <reporter-output>
          </reporter-output>
        </test-method> <!-- setupDriver -->
        <test-method status="PASS" signature="setupParameters(java.lang.String,java.lang.String)[pri:0, instance:com.newtours.tests.BookFlightTest@a7e666]" name="setupParameters" is-config="true" duration-ms="1" started-at="2022-01-08T08:33:26 GMT" depends-on-methods="com.tests.BaseTest.setupDriver" finished-at="2022-01-08T08:33:26 GMT">
          <params>
            <param index="0">
              <value>
                <![CDATA[4]]>
              </value>
            </param>
            <param index="1">
              <value>
                <![CDATA[$2338 USD]]>
              </value>
            </param>
          </params>
          <reporter-output>
          </reporter-output>
        </test-method> <!-- setupParameters -->
        <test-method status="PASS" signature="registrationPage()[pri:0, instance:com.newtours.tests.BookFlightTest@a7e666]" name="registrationPage" duration-ms="15053" started-at="2022-01-08T08:33:26 GMT" finished-at="2022-01-08T08:33:41 GMT">
          <reporter-output>
          </reporter-output>
        </test-method> <!-- registrationPage -->
        <test-method status="PASS" signature="registrationConfirmationPage()[pri:0, instance:com.newtours.tests.BookFlightTest@a7e666]" name="registrationConfirmationPage" duration-ms="605" started-at="2022-01-08T08:33:41 GMT" depends-on-methods="com.newtours.tests.BookFlightTest.registrationPage" finished-at="2022-01-08T08:33:41 GMT">
          <reporter-output>
          </reporter-output>
        </test-method> <!-- registrationConfirmationPage -->
        <test-method status="PASS" signature="flightDetailsPage()[pri:0, instance:com.newtours.tests.BookFlightTest@a7e666]" name="flightDetailsPage" duration-ms="2585" started-at="2022-01-08T08:33:41 GMT" depends-on-methods="com.newtours.tests.BookFlightTest.registrationConfirmationPage" finished-at="2022-01-08T08:33:44 GMT">
          <reporter-output>
          </reporter-output>
        </test-method> <!-- flightDetailsPage -->
        <test-method status="PASS" signature="findFlightPage()[pri:0, instance:com.newtours.tests.BookFlightTest@a7e666]" name="findFlightPage" duration-ms="1397" started-at="2022-01-08T08:33:44 GMT" depends-on-methods="com.newtours.tests.BookFlightTest.flightDetailsPage" finished-at="2022-01-08T08:33:45 GMT">
          <reporter-output>
          </reporter-output>
        </test-method> <!-- findFlightPage -->
        <test-method status="PASS" signature="flightConfirmationPage()[pri:0, instance:com.newtours.tests.BookFlightTest@a7e666]" name="flightConfirmationPage" duration-ms="1029" started-at="2022-01-08T08:33:45 GMT" depends-on-methods="com.newtours.tests.BookFlightTest.findFlightPage" finished-at="2022-01-08T08:33:46 GMT">
          <reporter-output>
          </reporter-output>
        </test-method> <!-- flightConfirmationPage -->
        <test-method status="PASS" signature="quitDriver()[pri:0, instance:com.newtours.tests.BookFlightTest@a7e666]" name="quitDriver" is-config="true" duration-ms="495" started-at="2022-01-08T08:33:46 GMT" finished-at="2022-01-08T08:33:47 GMT">
          <reporter-output>
          </reporter-output>
        </test-method> <!-- quitDriver -->
      </class> <!-- com.newtours.tests.BookFlightTest -->
    </test> <!-- book-flight-4 -->
  </suite> <!-- book-flight-module -->
</testng-results>
